<?xml version="1.0" encoding="UTF-8"?>
<testng-results skipped="0" failed="0" ignored="13" total="14" passed="1">
  <reporter-output>
  </reporter-output>
  <suite name="ES Automation Suite" duration-ms="64219" started-at="2018-07-17T06:21:54Z" finished-at="2018-07-17T06:22:58Z">
    <groups>
      <group name="priya">
        <method signature="Register.testingRegisterFunctionalityFromESL()[pri:0, instance:com.es.tests.Register@73150297]" name="testingRegisterFunctionalityFromESL" class="com.es.tests.Register"/>
      </group> <!-- priya -->
      <group name="smoke">
        <method signature="Register.testingRegisterFunctionalityFromESL()[pri:0, instance:com.es.tests.Register@73150297]" name="testingRegisterFunctionalityFromESL" class="com.es.tests.Register"/>
      </group> <!-- smoke -->
    </groups>
    <test name="chrome" duration-ms="64219" started-at="2018-07-17T06:21:54Z" finished-at="2018-07-17T06:22:58Z">
      <class name="com.es.tests.ChangePassword">
        <test-method status="PASS" signature="testBedSetup()[pri:0, instance:com.es.tests.ChangePassword@68ef96e7]" name="testBedSetup" is-config="true" duration-ms="51" started-at="2018-07-17T06:21:54Z" finished-at="2018-07-17T06:21:54Z">
          <reporter-output>
          </reporter-output>
        </test-method> <!-- testBedSetup -->
        <test-method status="PASS" signature="testBedTearDown()[pri:0, instance:com.es.tests.ChangePassword@68ef96e7]" name="testBedTearDown" is-config="true" duration-ms="18" started-at="2018-07-17T06:22:58Z" finished-at="2018-07-17T06:22:58Z">
          <reporter-output>
          </reporter-output>
        </test-method> <!-- testBedTearDown -->
      </class> <!-- com.es.tests.ChangePassword -->
      <class name="com.es.tests.Register">
        <test-method status="PASS" signature="testSetup()[pri:0, instance:com.es.tests.Register@73150297]" name="testSetup" is-config="true" duration-ms="9902" started-at="2018-07-17T06:21:54Z" finished-at="2018-07-17T06:22:04Z">
          <reporter-output>
          </reporter-output>
        </test-method> <!-- testSetup -->
        <test-method status="PASS" signature="testingRegisterFunctionalityFromESL()[pri:0, instance:com.es.tests.Register@73150297]" name="testingRegisterFunctionalityFromESL" duration-ms="51838" started-at="2018-07-17T06:22:04Z" finished-at="2018-07-17T06:22:56Z">
          <reporter-output>
          </reporter-output>
        </test-method> <!-- testingRegisterFunctionalityFromESL -->
        <test-method status="PASS" signature="testTearDown()[pri:0, instance:com.es.tests.Register@73150297]" name="testTearDown" is-config="true" duration-ms="2311" started-at="2018-07-17T06:22:56Z" finished-at="2018-07-17T06:22:58Z">
          <reporter-output>
          </reporter-output>
        </test-method> <!-- testTearDown -->
      </class> <!-- com.es.tests.Register -->
    </test> <!-- chrome -->
  </suite> <!-- ES Automation Suite -->
</testng-results>
