<?xml version="1.0" encoding="UTF-8"?>
<testng-results skipped="0" failed="1" ignored="0" total="2" passed="1">
  <reporter-output>
  </reporter-output>
  <suite name="IAS Automation Suite" duration-ms="52135" started-at="2018-07-04T11:15:05Z" finished-at="2018-07-04T11:15:57Z">
    <groups>
      <group name="regression">
        <method signature="Login.testingGetaQuoteFunctionality()[pri:1, instance:com.es.tests.Login@1c3b5bbc]" name="testingGetaQuoteFunctionality" class="com.es.tests.Login"/>
        <method signature="Login.testingLoginFunctionality()[pri:0, instance:com.es.tests.Login@1c3b5bbc]" name="testingLoginFunctionality" class="com.es.tests.Login"/>
      </group> <!-- regression -->
      <group name="smoke">
        <method signature="Login.testingGetaQuoteFunctionality()[pri:1, instance:com.es.tests.Login@1c3b5bbc]" name="testingGetaQuoteFunctionality" class="com.es.tests.Login"/>
        <method signature="Login.testingLoginFunctionality()[pri:0, instance:com.es.tests.Login@1c3b5bbc]" name="testingLoginFunctionality" class="com.es.tests.Login"/>
      </group> <!-- smoke -->
    </groups>
    <test name="chrome" duration-ms="52135" started-at="2018-07-04T11:15:05Z" finished-at="2018-07-04T11:15:57Z">
      <class name="com.es.tests.Login">
        <test-method status="PASS" signature="testSetup()[pri:0, instance:com.es.tests.Login@1c3b5bbc]" name="testSetup" is-config="true" duration-ms="12898" started-at="2018-07-04T11:15:05Z" finished-at="2018-07-04T11:15:18Z">
          <reporter-output>
          </reporter-output>
        </test-method> <!-- testSetup -->
        <test-method status="PASS" signature="testingLoginFunctionality()[pri:0, instance:com.es.tests.Login@1c3b5bbc]" name="testingLoginFunctionality" duration-ms="10813" started-at="2018-07-04T11:15:18Z" description="valid Login Scenario with correct username and password." finished-at="2018-07-04T11:15:29Z">
          <reporter-output>
          </reporter-output>
        </test-method> <!-- testingLoginFunctionality -->
        <test-method status="PASS" signature="testSetup()[pri:0, instance:com.es.tests.Login@1c3b5bbc]" name="testSetup" is-config="true" duration-ms="12607" started-at="2018-07-04T11:15:29Z" finished-at="2018-07-04T11:15:42Z">
          <reporter-output>
          </reporter-output>
        </test-method> <!-- testSetup -->
        <test-method status="FAIL" signature="testingGetaQuoteFunctionality()[pri:1, instance:com.es.tests.Login@1c3b5bbc]" name="testingGetaQuoteFunctionality" duration-ms="15630" started-at="2018-07-04T11:15:42Z" description="valid Get a Quote Scenario to generate a Quotation Request" finished-at="2018-07-04T11:15:57Z">
          <exception class="org.openqa.selenium.WebDriverException">
            <message>
              <![CDATA[invalid argument: File not found : C:\Users\Nisha.Gathiya\git\IASAutomation\IAS\src\main\resources\files\test.pdf
  (Session info: chrome=67.0.3396.99)
  (Driver info: chromedriver=2.38.552522 (437e6fbedfa8762dec75e2c5b3ddb86763dc9dcb),platform=Windows NT 10.0.17134 x86_64) (WARNING: The server did not provide any stacktrace information)
Command duration or timeout: 0 milliseconds
Build info: version: '3.12.0', revision: '7c6e0b3', time: '2018-05-08T14:04:26.12Z'
System info: host: 'IB-PUNE-LAP-085', ip: '172.24.24.177', os.name: 'Windows 10', os.arch: 'amd64', os.version: '10.0', java.version: '1.8.0_171'
Driver info: org.openqa.selenium.chrome.ChromeDriver
Capabilities {acceptInsecureCerts: false, acceptSslCerts: false, applicationCacheEnabled: false, browserConnectionEnabled: false, browserName: chrome, chrome: {chromedriverVersion: 2.38.552522 (437e6fbedfa876..., userDataDir: C:\Users\Shefali\AppData\Lo...}, cssSelectorsEnabled: true, databaseEnabled: false, handlesAlerts: true, hasTouchScreen: false, javascriptEnabled: true, locationContextEnabled: true, mobileEmulationEnabled: false, nativeEvents: true, networkConnectionEnabled: false, pageLoadStrategy: normal, platform: XP, platformName: XP, rotatable: false, setWindowRect: true, takesHeapSnapshot: true, takesScreenshot: true, unexpectedAlertBehaviour: , unhandledPromptBehavior: , version: 67.0.3396.99, webStorageEnabled: true}
Session ID: a760a5cf5baffb1b079980af78b67f86]]>
            </message>
            <full-stacktrace>
              <![CDATA[org.openqa.selenium.WebDriverException: invalid argument: File not found : C:\Users\Nisha.Gathiya\git\IASAutomation\IAS\src\main\resources\files\test.pdf
  (Session info: chrome=67.0.3396.99)
  (Driver info: chromedriver=2.38.552522 (437e6fbedfa8762dec75e2c5b3ddb86763dc9dcb),platform=Windows NT 10.0.17134 x86_64) (WARNING: The server did not provide any stacktrace information)
Command duration or timeout: 0 milliseconds
Build info: version: '3.12.0', revision: '7c6e0b3', time: '2018-05-08T14:04:26.12Z'
System info: host: 'IB-PUNE-LAP-085', ip: '172.24.24.177', os.name: 'Windows 10', os.arch: 'amd64', os.version: '10.0', java.version: '1.8.0_171'
Driver info: org.openqa.selenium.chrome.ChromeDriver
Capabilities {acceptInsecureCerts: false, acceptSslCerts: false, applicationCacheEnabled: false, browserConnectionEnabled: false, browserName: chrome, chrome: {chromedriverVersion: 2.38.552522 (437e6fbedfa876..., userDataDir: C:\Users\Shefali\AppData\Lo...}, cssSelectorsEnabled: true, databaseEnabled: false, handlesAlerts: true, hasTouchScreen: false, javascriptEnabled: true, locationContextEnabled: true, mobileEmulationEnabled: false, nativeEvents: true, networkConnectionEnabled: false, pageLoadStrategy: normal, platform: XP, platformName: XP, rotatable: false, setWindowRect: true, takesHeapSnapshot: true, takesScreenshot: true, unexpectedAlertBehaviour: , unhandledPromptBehavior: , version: 67.0.3396.99, webStorageEnabled: true}
Session ID: a760a5cf5baffb1b079980af78b67f86
at sun.reflect.NativeConstructorAccessorImpl.newInstance0(Native Method)
at sun.reflect.NativeConstructorAccessorImpl.newInstance(NativeConstructorAccessorImpl.java:62)
at sun.reflect.DelegatingConstructorAccessorImpl.newInstance(DelegatingConstructorAccessorImpl.java:45)
at java.lang.reflect.Constructor.newInstance(Constructor.java:423)
at org.openqa.selenium.remote.ErrorHandler.createThrowable(ErrorHandler.java:214)
at org.openqa.selenium.remote.ErrorHandler.throwIfResponseFailed(ErrorHandler.java:166)
at org.openqa.selenium.remote.http.JsonHttpResponseCodec.reconstructValue(JsonHttpResponseCodec.java:40)
at org.openqa.selenium.remote.http.AbstractHttpResponseCodec.decode(AbstractHttpResponseCodec.java:80)
at org.openqa.selenium.remote.http.AbstractHttpResponseCodec.decode(AbstractHttpResponseCodec.java:44)
at org.openqa.selenium.remote.HttpCommandExecutor.execute(HttpCommandExecutor.java:158)
at org.openqa.selenium.remote.service.DriverCommandExecutor.execute(DriverCommandExecutor.java:83)
at org.openqa.selenium.remote.RemoteWebDriver.execute(RemoteWebDriver.java:543)
at org.openqa.selenium.remote.RemoteWebElement.execute(RemoteWebElement.java:276)
at org.openqa.selenium.remote.RemoteWebElement.sendKeys(RemoteWebElement.java:100)
at sun.reflect.NativeMethodAccessorImpl.invoke0(Native Method)
at sun.reflect.NativeMethodAccessorImpl.invoke(NativeMethodAccessorImpl.java:62)
at sun.reflect.DelegatingMethodAccessorImpl.invoke(DelegatingMethodAccessorImpl.java:43)
at java.lang.reflect.Method.invoke(Method.java:498)
at org.openqa.selenium.support.pagefactory.internal.LocatingElementHandler.invoke(LocatingElementHandler.java:51)
at com.sun.proxy.$Proxy36.sendKeys(Unknown Source)
at com.es.pom.QuotationRequestFormPage.getAQoute(QuotationRequestFormPage.java:148)
at com.es.tests.Login.testingGetaQuoteFunctionality(Login.java:40)
at sun.reflect.NativeMethodAccessorImpl.invoke0(Native Method)
at sun.reflect.NativeMethodAccessorImpl.invoke(NativeMethodAccessorImpl.java:62)
at sun.reflect.DelegatingMethodAccessorImpl.invoke(DelegatingMethodAccessorImpl.java:43)
at java.lang.reflect.Method.invoke(Method.java:498)
at org.testng.internal.MethodInvocationHelper.invokeMethod(MethodInvocationHelper.java:124)
at org.testng.internal.Invoker.invokeMethod(Invoker.java:583)
at org.testng.internal.Invoker.invokeTestMethod(Invoker.java:719)
at org.testng.internal.Invoker.invokeTestMethods(Invoker.java:989)
at org.testng.internal.TestMethodWorker.invokeTestMethods(TestMethodWorker.java:125)
at org.testng.internal.TestMethodWorker.run(TestMethodWorker.java:109)
at org.testng.TestRunner.privateRun(TestRunner.java:648)
at org.testng.TestRunner.run(TestRunner.java:505)
at org.testng.SuiteRunner.runTest(SuiteRunner.java:455)
at org.testng.SuiteRunner.access$000(SuiteRunner.java:40)
at org.testng.SuiteRunner$SuiteWorker.run(SuiteRunner.java:489)
at org.testng.internal.thread.ThreadUtil$1.call(ThreadUtil.java:52)
at java.util.concurrent.FutureTask.run(FutureTask.java:266)
at java.util.concurrent.ThreadPoolExecutor.runWorker(ThreadPoolExecutor.java:1149)
at java.util.concurrent.ThreadPoolExecutor$Worker.run(ThreadPoolExecutor.java:624)
at java.lang.Thread.run(Thread.java:748)
]]>
            </full-stacktrace>
          </exception> <!-- org.openqa.selenium.WebDriverException -->
          <reporter-output>
          </reporter-output>
        </test-method> <!-- testingGetaQuoteFunctionality -->
      </class> <!-- com.es.tests.Login -->
    </test> <!-- chrome -->
  </suite> <!-- IAS Automation Suite -->
</testng-results>
